{"numFailedTestSuites":0,"numFailedTests":0,"numPassedTestSuites":6,"numPassedTests":71,"numPendingTestSuites":0,"numPendingTests":0,"numRuntimeErrorTestSuites":0,"numTodoTests":0,"numTotalTestSuites":6,"numTotalTests":71,"openHandles":[],"snapshot":{"added":0,"didUpdate":false,"failure":false,"filesAdded":0,"filesRemoved":0,"filesRemovedList":[],"filesUnmatched":0,"filesUpdated":0,"matched":0,"total":0,"unchecked":0,"uncheckedKeysByFile":[],"unmatched":0,"updated":0},"startTime":1704406504784,"success":true,"testResults":[{"assertionResults":[{"ancestorTitles":["Cart Component"],"failureMessages":[],"fullName":"Cart Component should perform an API call to fetch products","location":null,"status":"passed","title":"should perform an API call to fetch products"},{"ancestorTitles":["Cart Component"],"failureMessages":[],"fullName":"Cart Component should make GET request to the get cart items","location":null,"status":"passed","title":"should make GET request to the get cart items"},{"ancestorTitles":["Cart Component"],"failureMessages":[],"fullName":"Cart Component should show items in cart view by parsing the response data","location":null,"status":"passed","title":"should show items in cart view by parsing the response data"},{"ancestorTitles":["Cart Component"],"failureMessages":[],"fullName":"Cart Component should be able to increase quantity of product in cart","location":null,"status":"passed","title":"should be able to increase quantity of product in cart"},{"ancestorTitles":["Cart Component"],"failureMessages":[],"fullName":"Cart Component should be able to decrease quantity of product in cart","location":null,"status":"passed","title":"should be able to decrease quantity of product in cart"},{"ancestorTitles":["Cart Component"],"failureMessages":[],"fullName":"Cart Component removes the item from cart if quantity is less than one","location":null,"status":"passed","title":"removes the item from cart if quantity is less than one"},{"ancestorTitles":["Cart Component"],"failureMessages":[],"fullName":"Cart Component adds a new item when 'ADD TO CART' button is clicked","location":null,"status":"passed","title":"adds a new item when 'ADD TO CART' button is clicked"},{"ancestorTitles":["Cart Component"],"failureMessages":[],"fullName":"Cart Component does not add a new item with the 'ADD TO CART' button if already in cart","location":null,"status":"passed","title":"does not add a new item with the 'ADD TO CART' button if already in cart"},{"ancestorTitles":["Cart Component"],"failureMessages":[],"fullName":"Cart Component should have a Checkout button","location":null,"status":"passed","title":"should have a Checkout button"},{"ancestorTitles":["Cart Component"],"failureMessages":[],"fullName":"Cart Component has Checkout button to redirect to /checkout page","location":null,"status":"passed","title":"has Checkout button to redirect to /checkout page"}],"endTime":1704406546627,"message":"","name":"C:\\Users\\hp\\Downloads\\QkartFrotend\\me_qkart_frontend_v2_module_register_stub\\src\\__tests__\\Cart.test.js","startTime":1704406507279,"status":"passed","summary":""},{"assertionResults":[{"ancestorTitles":["Products Page - Header"],"failureMessages":[],"fullName":"Products Page - Header should have a header with logo","location":null,"status":"passed","title":"should have a header with logo"},{"ancestorTitles":["Products Page - Header"],"failureMessages":[],"fullName":"Products Page - Header should have login button on Header route to login page when logged out","location":null,"status":"passed","title":"should have login button on Header route to login page when logged out"},{"ancestorTitles":["Products Page - Header"],"failureMessages":[],"fullName":"Products Page - Header should have register button on Header route to register page when logged out","location":null,"status":"passed","title":"should have register button on Header route to register page when logged out"},{"ancestorTitles":["Products Page - Header"],"failureMessages":[],"fullName":"Products Page - Header should have a search bar","location":null,"status":"passed","title":"should have a search bar"},{"ancestorTitles":["Products Page - Header: Logged in"],"failureMessages":[],"fullName":"Products Page - Header: Logged in should have username & avatar in header if logged in","location":null,"status":"passed","title":"should have username & avatar in header if logged in"},{"ancestorTitles":["Products Page - Header: Logged in"],"failureMessages":[],"fullName":"Products Page - Header: Logged in should have logout button in header when logged in","location":null,"status":"passed","title":"should have logout button in header when logged in"},{"ancestorTitles":["Products Page - Header: Logged in"],"failureMessages":[],"fullName":"Products Page - Header: Logged in logout button should clear localstorage items","location":null,"status":"passed","title":"logout button should clear localstorage items"},{"ancestorTitles":["Products Page"],"failureMessages":[],"fullName":"Products Page should make a GET request to load products","location":null,"status":"passed","title":"should make a GET request to load products"},{"ancestorTitles":["Products Page"],"failureMessages":[],"fullName":"Products Page shows items on the products page load","location":null,"status":"passed","title":"shows items on the products page load"},{"ancestorTitles":["Products Page"],"failureMessages":[],"fullName":"Products Page should make a GET request to search","location":null,"status":"passed","title":"should make a GET request to search"},{"ancestorTitles":["Products Page"],"failureMessages":[],"fullName":"Products Page should show all products if search empty","location":null,"status":"passed","title":"should show all products if search empty"},{"ancestorTitles":["Products Page"],"failureMessages":[],"fullName":"Products Page should show matching products if found","location":null,"status":"passed","title":"should show matching products if found"},{"ancestorTitles":["Products Page"],"failureMessages":[],"fullName":"Products Page should 'No Products Found' if search string does get any items","location":null,"status":"passed","title":"should 'No Products Found' if search string does get any items"},{"ancestorTitles":["Products Page"],"failureMessages":[],"fullName":"Products Page updates search items as search string updates","location":null,"status":"passed","title":"updates search items as search string updates"},{"ancestorTitles":["Products Page"],"failureMessages":[],"fullName":"Products Page debounces the searching API calls","location":null,"status":"passed","title":"debounces the searching API calls"}],"endTime":1704406548273,"message":"","name":"C:\\Users\\hp\\Downloads\\QkartFrotend\\me_qkart_frontend_v2_module_register_stub\\src\\__tests__\\Products.test.js","startTime":1704406507278,"status":"passed","summary":""},{"assertionResults":[{"ancestorTitles":["Register Page"],"failureMessages":[],"fullName":"Register Page should have a Register form title","location":null,"status":"passed","title":"should have a Register form title"},{"ancestorTitles":["Register Page"],"failureMessages":[],"fullName":"Register Page should have header with logo","location":null,"status":"passed","title":"should have header with logo"},{"ancestorTitles":["Register Page"],"failureMessages":[],"fullName":"Register Page should have header with 'back to explore' button","location":null,"status":"passed","title":"should have header with 'back to explore' button"},{"ancestorTitles":["Register Page"],"failureMessages":[],"fullName":"Register Page should have 'login here' link","location":null,"status":"passed","title":"should have 'login here' link"},{"ancestorTitles":["Register Page"],"failureMessages":[],"fullName":"Register Page should show error message if username empty","location":null,"status":"passed","title":"should show error message if username empty"},{"ancestorTitles":["Register Page"],"failureMessages":[],"fullName":"Register Page should show error message if username < 6 characters","location":null,"status":"passed","title":"should show error message if username < 6 characters"},{"ancestorTitles":["Register Page"],"failureMessages":[],"fullName":"Register Page should show error message if password empty","location":null,"status":"passed","title":"should show error message if password empty"},{"ancestorTitles":["Register Page"],"failureMessages":[],"fullName":"Register Page should show error message if password < 6 chars long","location":null,"status":"passed","title":"should show error message if password < 6 chars long"},{"ancestorTitles":["Register Page"],"failureMessages":[],"fullName":"Register Page should show error message if password and confirm password are not same","location":null,"status":"passed","title":"should show error message if password and confirm password are not same"},{"ancestorTitles":["Register Page"],"failureMessages":[],"fullName":"Register Page should send a POST request with axios","location":null,"status":"passed","title":"should send a POST request with axios"},{"ancestorTitles":["Register Page"],"failureMessages":[],"fullName":"Register Page should send a POST request to server with correct arguments","location":null,"status":"passed","title":"should send a POST request to server with correct arguments"},{"ancestorTitles":["Register Page"],"failureMessages":[],"fullName":"Register Page should show success alert if request succeeds","location":null,"status":"passed","title":"should show success alert if request succeeds"},{"ancestorTitles":["Register Page"],"failureMessages":[],"fullName":"Register Page should show error alert with message sent from backend if request fails","location":null,"status":"passed","title":"should show error alert with message sent from backend if request fails"},{"ancestorTitles":["Register Page"],"failureMessages":[],"fullName":"Register Page should redirect to login after success","location":null,"status":"passed","title":"should redirect to login after success"},{"ancestorTitles":["Register Page"],"failureMessages":[],"fullName":"Register Page 'back to explore' button on Header should route to products","location":null,"status":"passed","title":"'back to explore' button on Header should route to products"}],"endTime":1704406548443,"message":"","name":"C:\\Users\\hp\\Downloads\\QkartFrotend\\me_qkart_frontend_v2_module_register_stub\\src\\__tests__\\Register.test.js","startTime":1704406507281,"status":"passed","summary":""},{"assertionResults":[{"ancestorTitles":["Thanks Component"],"failureMessages":[],"fullName":"Thanks Component shows the remaining balance","location":null,"status":"passed","title":"shows the remaining balance"},{"ancestorTitles":["Thanks Component"],"failureMessages":[],"fullName":"Thanks Component has button to route to products","location":null,"status":"passed","title":"has button to route to products"}],"endTime":1704406550669,"message":"","name":"C:\\Users\\hp\\Downloads\\QkartFrotend\\me_qkart_frontend_v2_module_register_stub\\src\\__tests__\\Thanks.test.js","startTime":1704406549000,"status":"passed","summary":""},{"assertionResults":[{"ancestorTitles":["Login Page"],"failureMessages":[],"fullName":"Login Page should have a Login form title","location":null,"status":"passed","title":"should have a Login form title"},{"ancestorTitles":["Login Page"],"failureMessages":[],"fullName":"Login Page should have a header with logo","location":null,"status":"passed","title":"should have a header with logo"},{"ancestorTitles":["Login Page"],"failureMessages":[],"fullName":"Login Page should have header with back to explore button","location":null,"status":"passed","title":"should have header with back to explore button"},{"ancestorTitles":["Login Page"],"failureMessages":[],"fullName":"Login Page 'back to explore' button on Header should route to products","location":null,"status":"passed","title":"'back to explore' button on Header should route to products"},{"ancestorTitles":["Login Page"],"failureMessages":[],"fullName":"Login Page should have register now link","location":null,"status":"passed","title":"should have register now link"},{"ancestorTitles":["Login Page"],"failureMessages":[],"fullName":"Login Page should throw error if username field is empty","location":null,"status":"passed","title":"should throw error if username field is empty"},{"ancestorTitles":["Login Page"],"failureMessages":[],"fullName":"Login Page should throw error if password field is empty","location":null,"status":"passed","title":"should throw error if password field is empty"},{"ancestorTitles":["Login Page"],"failureMessages":[],"fullName":"Login Page should send a POST request with axios","location":null,"status":"passed","title":"should send a POST request with axios"},{"ancestorTitles":["Login Page"],"failureMessages":[],"fullName":"Login Page should send a POST request to server with correct arguments","location":null,"status":"passed","title":"should send a POST request to server with correct arguments"},{"ancestorTitles":["Login Page"],"failureMessages":[],"fullName":"Login Page should show success alert if request succeeds","location":null,"status":"passed","title":"should show success alert if request succeeds"},{"ancestorTitles":["Login Page"],"failureMessages":[],"fullName":"Login Page should show error alert with message sent from backend if request fails","location":null,"status":"passed","title":"should show error alert with message sent from backend if request fails"},{"ancestorTitles":["Login Page"],"failureMessages":[],"fullName":"Login Page should store values in local storage if request succeeds","location":null,"status":"passed","title":"should store values in local storage if request succeeds"},{"ancestorTitles":["Login Page"],"failureMessages":[],"fullName":"Login Page should redirect to products page after success","location":null,"status":"passed","title":"should redirect to products page after success"}],"endTime":1704406562692,"message":"","name":"C:\\Users\\hp\\Downloads\\QkartFrotend\\me_qkart_frontend_v2_module_register_stub\\src\\__tests__\\Login.test.js","startTime":1704406547177,"status":"passed","summary":""},{"assertionResults":[{"ancestorTitles":["Checkout Page"],"failureMessages":[],"fullName":"Checkout Page should retrieve products","location":null,"status":"passed","title":"should retrieve products"},{"ancestorTitles":["Checkout Page"],"failureMessages":[],"fullName":"Checkout Page should retieve addresses of the user","location":null,"status":"passed","title":"should retieve addresses of the user"},{"ancestorTitles":["Checkout Page"],"failureMessages":[],"fullName":"Checkout Page should retieve cart items of the user","location":null,"status":"passed","title":"should retieve cart items of the user"},{"ancestorTitles":["Checkout Page"],"failureMessages":[],"fullName":"Checkout Page should show items by parsing the response data","location":null,"status":"passed","title":"should show items by parsing the response data"},{"ancestorTitles":["Checkout Page"],"failureMessages":[],"fullName":"Checkout Page should not allow to edit quantity","location":null,"status":"passed","title":"should not allow to edit quantity"},{"ancestorTitles":["Checkout Page"],"failureMessages":[],"fullName":"Checkout Page should show user addresses","location":null,"status":"passed","title":"should show user addresses"},{"ancestorTitles":["Checkout Page"],"failureMessages":[],"fullName":"Checkout Page should have delete button for user addresses","location":null,"status":"passed","title":"should have delete button for user addresses"},{"ancestorTitles":["Checkout Page"],"failureMessages":[],"fullName":"Checkout Page should have add new address button","location":null,"status":"passed","title":"should have add new address button"},{"ancestorTitles":["Checkout Page"],"failureMessages":[],"fullName":"Checkout Page should have a place order button","location":null,"status":"passed","title":"should have a place order button"},{"ancestorTitles":["Checkout Page"],"failureMessages":[],"fullName":"Checkout Page should show error message if no address selected for checkout","location":null,"status":"passed","title":"should show error message if no address selected for checkout"},{"ancestorTitles":["Checkout Page"],"failureMessages":[],"fullName":"Checkout Page should show error message if low balance","location":null,"status":"passed","title":"should show error message if low balance"},{"ancestorTitles":["Checkout Page"],"failureMessages":[],"fullName":"Checkout Page has add new address button which shows textfield with action buttons","location":null,"status":"passed","title":"has add new address button which shows textfield with action buttons"},{"ancestorTitles":["Checkout Page"],"failureMessages":[],"fullName":"Checkout Page allows to add new address","location":null,"status":"passed","title":"allows to add new address"},{"ancestorTitles":["Checkout Page"],"failureMessages":[],"fullName":"Checkout Page allows to delete address","location":null,"status":"passed","title":"allows to delete address"},{"ancestorTitles":["Checkout Page"],"failureMessages":[],"fullName":"Checkout Page should make an API call on clicking make payement button","location":null,"status":"passed","title":"should make an API call on clicking make payement button"},{"ancestorTitles":["Checkout Page"],"failureMessages":[],"fullName":"Checkout Page should route to /thanks after checkout successful","location":null,"status":"passed","title":"should route to /thanks after checkout successful"}],"endTime":1704406564190,"message":"","name":"C:\\Users\\hp\\Downloads\\QkartFrotend\\me_qkart_frontend_v2_module_register_stub\\src\\__tests__\\Checkout.test.js","startTime":1704406548726,"status":"passed","summary":""}],"wasInterrupted":false}